  Source.cpp
C:\Users\Chu Ting\Desktop\NUTN\3-1\CG\Solar\Solar2\Solar2\Source.cpp(50,25): warning C4305: '引數': 從 'double' 轉換為 'GLfloat'，是由較大的類型轉換為較小的類型，可能導致資料遺失
C:\Users\Chu Ting\Desktop\NUTN\3-1\CG\Solar\Solar2\Solar2\Source.cpp(65,25): warning C4305: '引數': 從 'double' 轉換為 'GLfloat'，是由較大的類型轉換為較小的類型，可能導致資料遺失
C:\Users\Chu Ting\Desktop\NUTN\3-1\CG\Solar\Solar2\Solar2\Source.cpp(88,25): warning C4244: '引數': 將 'double' 轉換為 'GLfloat'，由於類型不同，可能導致資料遺失
C:\Users\Chu Ting\Desktop\NUTN\3-1\CG\Solar\Solar2\Solar2\Source.cpp(88,20): warning C4244: '引數': 將 'double' 轉換為 'GLfloat'，由於類型不同，可能導致資料遺失
C:\Users\Chu Ting\Desktop\NUTN\3-1\CG\Solar\Solar2\Solar2\Source.cpp(88,16): warning C4244: '引數': 將 'double' 轉換為 'GLfloat'，由於類型不同，可能導致資料遺失
C:\Users\Chu Ting\Desktop\NUTN\3-1\CG\Solar\Solar2\Solar2\Source.cpp(89,13): warning C4244: '引數': 將 'double' 轉換為 'GLfloat'，由於類型不同，可能導致資料遺失
C:\Users\Chu Ting\Desktop\NUTN\3-1\CG\Solar\Solar2\Solar2\Source.cpp(107,15): warning C4244: '引數': 將 'double' 轉換為 'GLfloat'，由於類型不同，可能導致資料遺失
C:\Users\Chu Ting\Desktop\NUTN\3-1\CG\Solar\Solar2\Solar2\Source.cpp(114,23): warning C4244: '引數': 將 'double' 轉換為 'GLfloat'，由於類型不同，可能導致資料遺失
C:\Users\Chu Ting\Desktop\NUTN\3-1\CG\Solar\Solar2\Solar2\Source.cpp(114,19): warning C4244: '引數': 將 'double' 轉換為 'GLfloat'，由於類型不同，可能導致資料遺失
C:\Users\Chu Ting\Desktop\NUTN\3-1\CG\Solar\Solar2\Solar2\Source.cpp(115,13): warning C4244: '引數': 將 'double' 轉換為 'GLfloat'，由於類型不同，可能導致資料遺失
C:\Users\Chu Ting\Desktop\NUTN\3-1\CG\Solar\Solar2\Solar2\Source.cpp(129,25): warning C4305: '引數': 從 'double' 轉換為 'GLfloat'，是由較大的類型轉換為較小的類型，可能導致資料遺失
C:\Users\Chu Ting\Desktop\NUTN\3-1\CG\Solar\Solar2\Solar2\Source.cpp(141,24): warning C4244: '引數': 將 'double' 轉換為 'GLfloat'，由於類型不同，可能導致資料遺失
C:\Users\Chu Ting\Desktop\NUTN\3-1\CG\Solar\Solar2\Solar2\Source.cpp(141,19): warning C4244: '引數': 將 'double' 轉換為 'GLfloat'，由於類型不同，可能導致資料遺失
C:\Users\Chu Ting\Desktop\NUTN\3-1\CG\Solar\Solar2\Solar2\Source.cpp(141,15): warning C4244: '引數': 將 'double' 轉換為 'GLfloat'，由於類型不同，可能導致資料遺失
C:\Users\Chu Ting\Desktop\NUTN\3-1\CG\Solar\Solar2\Solar2\Source.cpp(142,12): warning C4244: '引數': 將 'double' 轉換為 'GLfloat'，由於類型不同，可能導致資料遺失
C:\Users\Chu Ting\Desktop\NUTN\3-1\CG\Solar\Solar2\Solar2\Source.cpp(145,24): warning C4305: '引數': 從 'double' 轉換為 'GLfloat'，是由較大的類型轉換為較小的類型，可能導致資料遺失
C:\Users\Chu Ting\Desktop\NUTN\3-1\CG\Solar\Solar2\Solar2\Source.cpp(154,27): warning C4305: '引數': 從 'double' 轉換為 'GLfloat'，是由較大的類型轉換為較小的類型，可能導致資料遺失
C:\Users\Chu Ting\Desktop\NUTN\3-1\CG\Solar\Solar2\Solar2\Source.cpp(164,27): warning C4305: '引數': 從 'double' 轉換為 'GLfloat'，是由較大的類型轉換為較小的類型，可能導致資料遺失
C:\Users\Chu Ting\Desktop\NUTN\3-1\CG\Solar\Solar2\Solar2\Source.cpp(177,25): warning C4244: '引數': 將 'double' 轉換為 'GLfloat'，由於類型不同，可能導致資料遺失
C:\Users\Chu Ting\Desktop\NUTN\3-1\CG\Solar\Solar2\Solar2\Source.cpp(177,20): warning C4244: '引數': 將 'double' 轉換為 'GLfloat'，由於類型不同，可能導致資料遺失
C:\Users\Chu Ting\Desktop\NUTN\3-1\CG\Solar\Solar2\Solar2\Source.cpp(177,15): warning C4244: '引數': 將 'double' 轉換為 'GLfloat'，由於類型不同，可能導致資料遺失
C:\Users\Chu Ting\Desktop\NUTN\3-1\CG\Solar\Solar2\Solar2\Source.cpp(178,12): warning C4244: '引數': 將 'double' 轉換為 'GLfloat'，由於類型不同，可能導致資料遺失
C:\Users\Chu Ting\Desktop\NUTN\3-1\CG\Solar\Solar2\Solar2\Source.cpp(181,25): warning C4305: '引數': 從 'double' 轉換為 'GLfloat'，是由較大的類型轉換為較小的類型，可能導致資料遺失
C:\Users\Chu Ting\Desktop\NUTN\3-1\CG\Solar\Solar2\Solar2\Source.cpp(190,28): warning C4305: '引數': 從 'double' 轉換為 'GLfloat'，是由較大的類型轉換為較小的類型，可能導致資料遺失
C:\Users\Chu Ting\Desktop\NUTN\3-1\CG\Solar\Solar2\Solar2\Source.cpp(200,28): warning C4305: '引數': 從 'double' 轉換為 'GLfloat'，是由較大的類型轉換為較小的類型，可能導致資料遺失
C:\Users\Chu Ting\Desktop\NUTN\3-1\CG\Solar\Solar2\Solar2\Source.cpp(216,21): warning C4305: '引數': 從 'double' 轉換為 'GLfloat'，是由較大的類型轉換為較小的類型，可能導致資料遺失
C:\Users\Chu Ting\Desktop\NUTN\3-1\CG\Solar\Solar2\Solar2\Source.cpp(231,41): warning C4305: '+=': 從 'double' 轉換為 'float'，是由較大的類型轉換為較小的類型，可能導致資料遺失
C:\Users\Chu Ting\Desktop\NUTN\3-1\CG\Solar\Solar2\Solar2\Source.cpp(246,2): warning C4305: '正在初始化': 從 'double' 轉換為 'float'，是由較大的類型轉換為較小的類型，可能導致資料遺失
C:\Users\Chu Ting\Desktop\NUTN\3-1\CG\Solar\Solar2\Solar2\Source.cpp(246,43): warning C4305: '+=': 從 'double' 轉換為 'float'，是由較大的類型轉換為較小的類型，可能導致資料遺失
C:\Users\Chu Ting\Desktop\NUTN\3-1\CG\Solar\Solar2\Solar2\Source.cpp(247,3): warning C4305: '正在初始化': 從 'double' 轉換為 'float'，是由較大的類型轉換為較小的類型，可能導致資料遺失
C:\Users\Chu Ting\Desktop\NUTN\3-1\CG\Solar\Solar2\Solar2\Source.cpp(247,43): warning C4305: '+=': 從 'double' 轉換為 'float'，是由較大的類型轉換為較小的類型，可能導致資料遺失
C:\Users\Chu Ting\Desktop\NUTN\3-1\CG\Solar\Solar2\Solar2\Source.cpp(281,17): warning C4244: '引數': 將 'double' 轉換為 'GLfloat'，由於類型不同，可能導致資料遺失
C:\Users\Chu Ting\Desktop\NUTN\3-1\CG\Solar\Solar2\Solar2\Source.cpp(282,22): warning C4244: '引數': 將 'double' 轉換為 'GLfloat'，由於類型不同，可能導致資料遺失
C:\Users\Chu Ting\Desktop\NUTN\3-1\CG\Solar\Solar2\Solar2\Source.cpp(299,16): warning C4244: '引數': 將 'double' 轉換為 'GLfloat'，由於類型不同，可能導致資料遺失
C:\Users\Chu Ting\Desktop\NUTN\3-1\CG\Solar\Solar2\Solar2\Source.cpp(303,32): warning C4244: '引數': 將 'double' 轉換為 'GLfloat'，由於類型不同，可能導致資料遺失
C:\Users\Chu Ting\Desktop\NUTN\3-1\CG\Solar\Solar2\Solar2\Source.cpp(303,23): warning C4244: '引數': 將 'double' 轉換為 'GLfloat'，由於類型不同，可能導致資料遺失
C:\Users\Chu Ting\Desktop\NUTN\3-1\CG\Solar\Solar2\Solar2\Source.cpp(315,18): warning C4244: '引數': 將 'double' 轉換為 'GLfloat'，由於類型不同，可能導致資料遺失
  Solar2.vcxproj -> C:\Users\Chu Ting\Desktop\NUTN\3-1\CG\Solar\Solar2\x64\Debug\Solar2.exe
